<?xml version="1.0" encoding="UTF-8" ?>
<testsuite tests="10" failures="0" name="me.yorkart.net.socket.udp.client.rpc.ThriftSerializerTest" time="0.021" errors="0" skipped="0">
  <properties>
[...]
</properties>
  <testcase classname="me.yorkart.net.socket.udp.client.rpc.ThriftSerializerTest" name="me.yorkart.net.socket.udp.client.rpc.ThriftSerializerTest.testGetSerializer" time="0.018"/>
  <testcase classname="me.yorkart.net.socket.udp.client.rpc.ThriftSerializerTest" name="me.yorkart.net.socket.udp.client.rpc.ThriftSerializerTest.testGetSerializer1" time="0"/>
  <testcase classname="me.yorkart.net.socket.udp.client.rpc.ThriftSerializerTest" name="me.yorkart.net.socket.udp.client.rpc.ThriftSerializerTest.testGetSerializer2" time="0"/>
  <testcase classname="me.yorkart.net.socket.udp.client.rpc.ThriftSerializerTest" name="me.yorkart.net.socket.udp.client.rpc.ThriftSerializerTest.testGetSerializer3" time="0"/>
  <testcase classname="me.yorkart.net.socket.udp.client.rpc.ThriftSerializerTest" name="me.yorkart.net.socket.udp.client.rpc.ThriftSerializerTest.testGetSerializer4" time="0"/>
  <testcase classname="me.yorkart.net.socket.udp.client.rpc.ThriftSerializerTest" name="me.yorkart.net.socket.udp.client.rpc.ThriftSerializerTest.testGetSerializer5" time="0"/>
  <testcase classname="me.yorkart.net.socket.udp.client.rpc.ThriftSerializerTest" name="me.yorkart.net.socket.udp.client.rpc.ThriftSerializerTest.testGetSerializer6" time="0"/>
  <testcase classname="me.yorkart.net.socket.udp.client.rpc.ThriftSerializerTest" name="me.yorkart.net.socket.udp.client.rpc.ThriftSerializerTest.testGetSerializer7" time="0"/>
  <testcase classname="me.yorkart.net.socket.udp.client.rpc.ThriftSerializerTest" name="me.yorkart.net.socket.udp.client.rpc.ThriftSerializerTest.testSerializerRoundtrip" time="0.003"/>
  <testcase classname="me.yorkart.net.socket.udp.client.rpc.ThriftSerializerTest" name="me.yorkart.net.socket.udp.client.rpc.ThriftSerializerTest.testEmptyObjSeserialization" time="0"/>
</testsuite>